

Started GET "/" for 127.0.0.1 at 2015-03-25 23:26:03 -0700

ActiveRecord::PendingMigrationError (

Migrations are pending. To resolve this issue, run:

	bin/rake db:migrate RAILS_ENV=development

):
  activerecord (4.1.8) lib/active_record/migration.rb:389:in `check_pending!'
  activerecord (4.1.8) lib/active_record/migration.rb:377:in `call'
  actionpack (4.1.8) lib/action_dispatch/middleware/callbacks.rb:29:in `block in call'
  activesupport (4.1.8) lib/active_support/callbacks.rb:82:in `run_callbacks'
  actionpack (4.1.8) lib/action_dispatch/middleware/callbacks.rb:27:in `call'
  actionpack (4.1.8) lib/action_dispatch/middleware/reloader.rb:73:in `call'
  actionpack (4.1.8) lib/action_dispatch/middleware/remote_ip.rb:76:in `call'
  actionpack (4.1.8) lib/action_dispatch/middleware/debug_exceptions.rb:17:in `call'
  actionpack (4.1.8) lib/action_dispatch/middleware/show_exceptions.rb:30:in `call'
  railties (4.1.8) lib/rails/rack/logger.rb:38:in `call_app'
  railties (4.1.8) lib/rails/rack/logger.rb:20:in `block in call'
  activesupport (4.1.8) lib/active_support/tagged_logging.rb:68:in `block in tagged'
  activesupport (4.1.8) lib/active_support/tagged_logging.rb:26:in `tagged'
  activesupport (4.1.8) lib/active_support/tagged_logging.rb:68:in `tagged'
  railties (4.1.8) lib/rails/rack/logger.rb:20:in `call'
  actionpack (4.1.8) lib/action_dispatch/middleware/request_id.rb:21:in `call'
  rack (1.5.2) lib/rack/methodoverride.rb:21:in `call'
  rack (1.5.2) lib/rack/runtime.rb:17:in `call'
  activesupport (4.1.8) lib/active_support/cache/strategy/local_cache_middleware.rb:26:in `call'
  rack (1.5.2) lib/rack/lock.rb:17:in `call'
  actionpack (4.1.8) lib/action_dispatch/middleware/static.rb:84:in `call'
  rack (1.5.2) lib/rack/sendfile.rb:112:in `call'
  railties (4.1.8) lib/rails/engine.rb:514:in `call'
  railties (4.1.8) lib/rails/application.rb:144:in `call'
  puma (2.9.1) lib/puma/rack_patch.rb:13:in `call'
  puma (2.9.1) lib/puma/configuration.rb:71:in `call'
  puma (2.9.1) lib/puma/server.rb:490:in `handle_request'
  puma (2.9.1) lib/puma/server.rb:361:in `process_client'
  puma (2.9.1) lib/puma/server.rb:254:in `block in run'
  puma (2.9.1) lib/puma/thread_pool.rb:92:in `call'
  puma (2.9.1) lib/puma/thread_pool.rb:92:in `block in spawn_thread'


  Rendered /Library/Ruby/Gems/2.0.0/gems/actionpack-4.1.8/lib/action_dispatch/middleware/templates/rescues/_source.erb (0.9ms)
  Rendered /Library/Ruby/Gems/2.0.0/gems/actionpack-4.1.8/lib/action_dispatch/middleware/templates/rescues/_trace.html.erb (0.9ms)
  Rendered /Library/Ruby/Gems/2.0.0/gems/actionpack-4.1.8/lib/action_dispatch/middleware/templates/rescues/_request_and_response.html.erb (0.9ms)
  Rendered /Library/Ruby/Gems/2.0.0/gems/actionpack-4.1.8/lib/action_dispatch/middleware/templates/rescues/diagnostics.erb within rescues/layout (21.2ms)
  [1m[36m (0.7ms)[0m  [1mCREATE TABLE "schema_migrations" ("version" varchar(255) NOT NULL) [0m
  [1m[35m (0.3ms)[0m  select sqlite_version(*)
  [1m[36m (0.6ms)[0m  [1mCREATE UNIQUE INDEX "unique_schema_migrations" ON "schema_migrations" ("version")[0m
  [1m[35mActiveRecord::SchemaMigration Load (0.1ms)[0m  SELECT "schema_migrations".* FROM "schema_migrations"
Migrating to CreateWidgets (20140707111715)
  [1m[36m (0.1ms)[0m  [1mbegin transaction[0m
  [1m[35m (0.4ms)[0m  CREATE TABLE "widgets" ("id" INTEGER PRIMARY KEY AUTOINCREMENT NOT NULL, "name" varchar(255), "description" text, "stock" integer, "created_at" datetime, "updated_at" datetime) 
  [1m[36mSQL (0.2ms)[0m  [1mINSERT INTO "schema_migrations" ("version") VALUES (?)[0m  [["version", "20140707111715"]]
  [1m[35m (0.5ms)[0m  commit transaction
  [1m[36mActiveRecord::SchemaMigration Load (0.1ms)[0m  [1mSELECT "schema_migrations".* FROM "schema_migrations"[0m


Started GET "/" for 127.0.0.1 at 2015-03-25 23:28:00 -0700
  [1m[36mActiveRecord::SchemaMigration Load (0.4ms)[0m  [1mSELECT "schema_migrations".* FROM "schema_migrations"[0m
Processing by WelcomeController#index as HTML
  Rendered welcome/index.erb within layouts/application (2.3ms)
Completed 200 OK in 2083ms (Views: 2050.7ms | ActiveRecord: 0.0ms)


Started GET "/" for 127.0.0.1 at 2015-03-25 23:28:02 -0700
Processing by WelcomeController#index as HTML
  Rendered welcome/index.erb within layouts/application (0.1ms)
Completed 200 OK in 46ms (Views: 45.8ms | ActiveRecord: 0.0ms)


Started GET "/assets/scaffolds.css?body=1" for 127.0.0.1 at 2015-03-25 23:28:02 -0700


Started GET "/assets/widgets.css?body=1" for 127.0.0.1 at 2015-03-25 23:28:02 -0700


Started GET "/assets/application.css?body=1" for 127.0.0.1 at 2015-03-25 23:28:02 -0700


Started GET "/assets/jquery.js?body=1" for 127.0.0.1 at 2015-03-25 23:28:02 -0700


Started GET "/assets/welcome.js?body=1" for 127.0.0.1 at 2015-03-25 23:28:02 -0700


Started GET "/assets/turbolinks.js?body=1" for 127.0.0.1 at 2015-03-25 23:28:02 -0700


Started GET "/assets/application.js?body=1" for 127.0.0.1 at 2015-03-25 23:28:02 -0700


Started GET "/assets/widgets.js?body=1" for 127.0.0.1 at 2015-03-25 23:28:02 -0700
  [1m[36mActiveRecord::SchemaMigration Load (0.2ms)[0m  [1mSELECT "schema_migrations".* FROM "schema_migrations"[0m


Started GET "/assets/welcome.css?body=1" for 127.0.0.1 at 2015-03-25 23:28:02 -0700


Started GET "/assets/jquery_ujs.js?body=1" for 127.0.0.1 at 2015-03-25 23:28:02 -0700
